**********************
Windows PowerShell transcript start
Start time: 20250815161919
Username: MACBOOKM5\boboi
RunAs User: MACBOOKM5\boboi
Configuration Name: 
Machine: MACBOOKM5 (Microsoft Windows NT 10.0.22631.0)
Host Application: C:\WINDOWS\System32\WindowsPowerShell\v1.0\powershell.exe
Process ID: 20936
PSVersion: 5.1.22621.5697
PSEdition: Desktop
PSCompatibleVersions: 1.0, 2.0, 3.0, 4.0, 5.0, 5.1.22621.5697
BuildVersion: 10.0.22621.5697
CLRVersion: 4.0.30319.42000
WSManStackVersion: 3.0
PSRemotingProtocolVersion: 2.3
SerializationVersion: 1.1.0.1
**********************
Transcript started, output file is D:\graduation_project\mcq-generator\test\logging.txt
PS D:\graduation_project\mcq-generator\app>
(rag-api) uvicorn app:app --reload
  File "D:\CODE\IDE\Anaconda\envs\rag-api\Lib\asyncio\base_events.py", li
ne 608, in run_forever
    self._run_once()
  File "D:\CODE\IDE\Anaconda\envs\rag-api\Lib\asyncio\base_events.py", li
ne 1936, in _run_once
    handle._run()
  File "D:\CODE\IDE\Anaconda\envs\rag-api\Lib\asyncio\events.py", line 84
, in _run
    self._context.run(self._callback, *self._args)
  File "D:\CODE\IDE\Anaconda\envs\rag-api\Lib\site-packages\uvicorn\serve
r.py", line 70, in serve
    with self.capture_signals():
  File "D:\CODE\IDE\Anaconda\envs\rag-api\Lib\contextlib.py", line 144, i
n __exit__
    next(self.gen)
  File "D:\CODE\IDE\Anaconda\envs\rag-api\Lib\site-packages\uvicorn\serve
r.py", line 331, in capture_signals
    signal.raise_signal(captured_signal)
  File "D:\CODE\IDE\Anaconda\envs\rag-api\Lib\asyncio\runners.py", line 1
57, in _on_sigint
    raise KeyboardInterrupt()
KeyboardInterrupt

During handling of the above exception, another exception occurred:

Traceback (most recent call last):
  File "D:\CODE\IDE\Anaconda\envs\rag-api\Lib\site-packages\starlette\rou
ting.py", line 701, in lifespan
    await receive()
  File "D:\CODE\IDE\Anaconda\envs\rag-api\Lib\site-packages\uvicorn\lifes
pan\on.py", line 137, in receive
    return await self.receive_queue.get()
           ^^^^^^^^^^^^^^^^^^^^^^^^^^^^^^
  File "D:\CODE\IDE\Anaconda\envs\rag-api\Lib\asyncio\queues.py", line 15
8, in get
    await getter
asyncio.exceptions.CancelledError

INFO:     Stopping reloader process [21928]
(rag-api) TerminatingError(): "The pipeline has been stopped."
>> TerminatingError(): "The pipeline has been stopped."
PS D:\graduation_project\mcq-generator\app>
(rag-api) uvicorn app:app --reload
  warnings.warn(
INFO:     Started server process [20356]
INFO:     Waiting for application startup.
RAGMCQ instance created on startup.
INFO:     Application startup complete.
ERROR:    Traceback (most recent call last):
  File "D:\CODE\IDE\Anaconda\envs\rag-api\Lib\asyncio\runners.py", line 1
18, in run
    return self._loop.run_until_complete(task)
           ^^^^^^^^^^^^^^^^^^^^^^^^^^^^^^^^^^^
  File "D:\CODE\IDE\Anaconda\envs\rag-api\Lib\asyncio\base_events.py", li
ne 654, in run_until_complete
    return future.result()
           ^^^^^^^^^^^^^^^
asyncio.exceptions.CancelledError

During handling of the above exception, another exception occurred:

Traceback (most recent call last):
  File "D:\CODE\IDE\Anaconda\envs\rag-api\Lib\asyncio\runners.py", line 1
90, in run
    return runner.run(main)
           ^^^^^^^^^^^^^^^^
  File "D:\CODE\IDE\Anaconda\envs\rag-api\Lib\asyncio\runners.py", line 1
23, in run
    raise KeyboardInterrupt()
KeyboardInterrupt

During handling of the above exception, another exception occurred:

Traceback (most recent call last):
  File "D:\CODE\IDE\Anaconda\envs\rag-api\Lib\site-packages\starlette\rou
ting.py", line 701, in lifespan
    await receive()
  File "D:\CODE\IDE\Anaconda\envs\rag-api\Lib\site-packages\uvicorn\lifes
pan\on.py", line 137, in receive
    return await self.receive_queue.get()
           ^^^^^^^^^^^^^^^^^^^^^^^^^^^^^^
  File "D:\CODE\IDE\Anaconda\envs\rag-api\Lib\asyncio\queues.py", line 15
8, in get
    await getter
asyncio.exceptions.CancelledError

INFO:     Stopping reloader process [1968]
(rag-api) TerminatingError(): "The pipeline has been stopped."
>> TerminatingError(): "The pipeline has been stopped."
PS D:\graduation_project\mcq-generator\app>
